app/build/intermediates/manifest_merge_blame_file/flavorRelease/manifest-merger-blame-flavor-release-report.txt
1<?xml version="1.0" encoding="utf-8"?>
2<manifest xmlns:android="http://schemas.android.com/apk/res/android"
3    package="com.edu.erp"
4    android:versionCode="1"
5    android:versionName="1.0" >
6
7    <uses-sdk
8        android:minSdkVersion="21"
8-->src\main\AndroidManifest.xml
9        android:targetSdkVersion="30" />
9-->src\main\AndroidManifest.xml
10
11    <uses-permission android:name="android.permission.AUTHENTICATE_ACCOUNTS" />
11-->src\main\AndroidManifest.xml:5:5-80
11-->src\main\AndroidManifest.xml:5:22-77
12    <uses-permission android:name="android.permission.INTERNET" />
12-->src\main\AndroidManifest.xml:7:5-67
12-->src\main\AndroidManifest.xml:7:22-64
13    <uses-permission android:name="android.permission.ACCESS_NETWORK_STATE" />
13-->src\main\AndroidManifest.xml:8:5-79
13-->src\main\AndroidManifest.xml:8:22-76
14    <uses-permission android:name="android.permission.ACCESS_WIFI_STATE" />
14-->src\main\AndroidManifest.xml:9:5-76
14-->src\main\AndroidManifest.xml:9:22-73
15    <uses-permission android:name="android.permission.WAKE_LOCK" />
15-->src\main\AndroidManifest.xml:10:5-68
15-->src\main\AndroidManifest.xml:10:22-65
16    <uses-permission android:name="android.permission.VIBRATE" />
16-->src\main\AndroidManifest.xml:11:5-66
16-->src\main\AndroidManifest.xml:11:22-63
17    <uses-permission android:name="com.google.android.providers.gsf.permission.READ_GSERVICES" />
17-->src\main\AndroidManifest.xml:12:5-98
17-->src\main\AndroidManifest.xml:12:22-95
18    <uses-permission android:name="android.permission.WRITE_EXTERNAL_STORAGE" />
18-->src\main\AndroidManifest.xml:13:5-81
18-->src\main\AndroidManifest.xml:13:22-78
19    <uses-permission android:name="android.permission.READ_PHONE_STATE" />
19-->src\main\AndroidManifest.xml:14:5-75
19-->src\main\AndroidManifest.xml:14:22-72
20    <uses-permission android:name="android.permission.READ_EXTERNAL_STORAGE" />
20-->src\main\AndroidManifest.xml:15:5-80
20-->src\main\AndroidManifest.xml:15:22-77
21    <uses-permission android:name="android.permission.CAMERA" />
21-->src\main\AndroidManifest.xml:16:5-65
21-->src\main\AndroidManifest.xml:16:22-62
22    <uses-permission android:name="com.google.android.c2dm.permission.RECEIVE" />
22-->src\main\AndroidManifest.xml:17:5-82
22-->src\main\AndroidManifest.xml:17:22-79
23    <uses-permission android:name="android.permission.READ_SYNC_SETTINGS" />
23-->src\main\AndroidManifest.xml:19:5-77
23-->src\main\AndroidManifest.xml:19:22-74
24    <uses-permission android:name="android.permission.WRITE_SYNC_SETTINGS" />
24-->src\main\AndroidManifest.xml:20:5-78
24-->src\main\AndroidManifest.xml:20:22-75
25
26    <permission
26-->src\main\AndroidManifest.xml:22:5-24:47
27        android:name="com.edu.erp.permission.C2D_MESSAGE"
27-->src\main\AndroidManifest.xml:23:9-58
28        android:protectionLevel="signature" />
28-->src\main\AndroidManifest.xml:24:9-44
29
30    <uses-permission android:name="com.edu.erp.permission.C2D_MESSAGE" />
30-->src\main\AndroidManifest.xml:25:5-74
30-->src\main\AndroidManifest.xml:25:22-71
31
32    <application
32-->src\main\AndroidManifest.xml:27:5-738:19
33        android:name="com.edu.erp.app.AppController"
33-->src\main\AndroidManifest.xml:28:9-53
34        android:allowBackup="true"
34-->src\main\AndroidManifest.xml:29:9-35
35        android:appComponentFactory="androidx.core.app.CoreComponentFactory"
35-->[androidx.core:core:1.3.1] AndroidManifest.xml:24:18-86
36        android:fullBackupContent="false"
36-->src\main\AndroidManifest.xml:30:9-42
37        android:label="@string/app_name"
37-->src\main\AndroidManifest.xml:31:9-41
38        android:supportsRtl="true"
38-->src\main\AndroidManifest.xml:32:9-35
39        android:theme="@style/AppTheme" >
39-->src\main\AndroidManifest.xml:33:9-40
40        <provider
41            android:name="androidx.core.content.FileProvider"
41-->src\main\AndroidManifest.xml:36:13-62
42            android:authorities="com.edu.erp.provider"
42-->src\main\AndroidManifest.xml:37:13-60
43            android:exported="false"
43-->src\main\AndroidManifest.xml:38:13-37
44            android:grantUriPermissions="true" >
44-->src\main\AndroidManifest.xml:39:13-47
45            <meta-data
45-->src\main\AndroidManifest.xml:40:13-42:57
46                android:name="android.support.FILE_PROVIDER_PATHS"
46-->src\main\AndroidManifest.xml:41:17-67
47                android:resource="@xml/provider_paths" />
47-->src\main\AndroidManifest.xml:42:17-55
48        </provider>
49        <provider
49-->src\main\AndroidManifest.xml:45:9-49:39
50            android:name="com.edu.erp.syncadapter.MyContentProvider"
50-->src\main\AndroidManifest.xml:46:13-69
51            android:authorities="@string/content_authority"
51-->src\main\AndroidManifest.xml:47:13-60
52            android:exported="false"
52-->src\main\AndroidManifest.xml:48:13-37
53            android:syncable="true" />
53-->src\main\AndroidManifest.xml:49:13-36
54
55        <service android:name="com.edu.erp.syncadapter.MyAuthenticatorService" >
55-->src\main\AndroidManifest.xml:51:9-58:19
55-->src\main\AndroidManifest.xml:51:18-79
56            <intent-filter>
56-->src\main\AndroidManifest.xml:52:13-54:29
57                <action android:name="android.accounts.AccountAuthenticator" />
57-->src\main\AndroidManifest.xml:53:17-80
57-->src\main\AndroidManifest.xml:53:25-77
58            </intent-filter>
59
60            <meta-data
60-->src\main\AndroidManifest.xml:55:13-57:57
61                android:name="android.accounts.AccountAuthenticator"
61-->src\main\AndroidManifest.xml:56:17-69
62                android:resource="@xml/authenticator" />
62-->src\main\AndroidManifest.xml:57:17-54
63        </service>
64
65        <!-- The SyncAdapter service -->
66        <service
66-->src\main\AndroidManifest.xml:61:9-71:19
67            android:name="com.edu.erp.syncadapter.UploadDataSync"
67-->src\main\AndroidManifest.xml:62:13-66
68            android:exported="true"
68-->src\main\AndroidManifest.xml:63:13-36
69            android:process=":sync" >
69-->src\main\AndroidManifest.xml:64:13-36
70            <intent-filter>
70-->src\main\AndroidManifest.xml:65:13-67:29
71                <action android:name="android.content.SyncAdapter" />
71-->src\main\AndroidManifest.xml:66:17-70
71-->src\main\AndroidManifest.xml:66:25-67
72            </intent-filter>
73
74            <meta-data
74-->src\main\AndroidManifest.xml:68:13-70:55
75                android:name="android.content.SyncAdapter"
75-->src\main\AndroidManifest.xml:69:17-59
76                android:resource="@xml/syncadapter" />
76-->src\main\AndroidManifest.xml:70:17-52
77        </service>
78
79        <activity
79-->src\main\AndroidManifest.xml:73:9-76:71
80            android:name="com.yalantis.ucrop.UCropActivity"
80-->src\main\AndroidManifest.xml:74:13-60
81            android:screenOrientation="unspecified"
81-->src\main\AndroidManifest.xml:75:13-52
82            android:theme="@style/Theme.AppCompat.Light.NoActionBar" />
82-->src\main\AndroidManifest.xml:76:13-69
83        <activity
83-->src\main\AndroidManifest.xml:78:9-86:20
84            android:name="com.edu.erp.activity.loginmodule.SplashScreenActivity"
84-->src\main\AndroidManifest.xml:79:13-81
85            android:theme="@style/AppFullScreenTheme" >
85-->src\main\AndroidManifest.xml:80:13-54
86            <intent-filter>
86-->src\main\AndroidManifest.xml:81:13-85:29
87                <action android:name="android.intent.action.MAIN" />
87-->src\main\AndroidManifest.xml:82:17-69
87-->src\main\AndroidManifest.xml:82:25-66
88
89                <category android:name="android.intent.category.LAUNCHER" />
89-->src\main\AndroidManifest.xml:84:17-77
89-->src\main\AndroidManifest.xml:84:27-74
90            </intent-filter>
91        </activity>
92
93        <!-- Login Portion -->
94        <activity
94-->src\main\AndroidManifest.xml:89:9-93:70
95            android:name="com.edu.erp.activity.loginmodule.SchoolIdLoginActivity"
95-->src\main\AndroidManifest.xml:90:13-82
96            android:label="@string/app_name"
96-->src\main\AndroidManifest.xml:91:13-45
97            android:screenOrientation="unspecified"
97-->src\main\AndroidManifest.xml:92:13-52
98            android:theme="@style/AppThemeNoActionBarEventDetails" />
98-->src\main\AndroidManifest.xml:93:13-67
99        <activity
99-->src\main\AndroidManifest.xml:95:9-99:70
100            android:name="com.edu.erp.activity.loginmodule.UserLoginActivity"
100-->src\main\AndroidManifest.xml:96:13-78
101            android:label="@string/app_name"
101-->src\main\AndroidManifest.xml:97:13-45
102            android:screenOrientation="unspecified"
102-->src\main\AndroidManifest.xml:98:13-52
103            android:theme="@style/AppThemeNoActionBarEventDetails" />
103-->src\main\AndroidManifest.xml:99:13-67
104        <activity
104-->src\main\AndroidManifest.xml:101:9-105:70
105            android:name="com.edu.erp.activity.loginmodule.ForgotPasswordActivity"
105-->src\main\AndroidManifest.xml:102:13-83
106            android:label="@string/app_name"
106-->src\main\AndroidManifest.xml:103:13-45
107            android:screenOrientation="unspecified"
107-->src\main\AndroidManifest.xml:104:13-52
108            android:theme="@style/AppThemeNoActionBarEventDetails" />
108-->src\main\AndroidManifest.xml:105:13-67
109        <activity
109-->src\main\AndroidManifest.xml:107:9-111:70
110            android:name="com.edu.erp.activity.loginmodule.ResetPasswordActivity"
110-->src\main\AndroidManifest.xml:108:13-82
111            android:label="@string/app_name"
111-->src\main\AndroidManifest.xml:109:13-45
112            android:screenOrientation="unspecified"
112-->src\main\AndroidManifest.xml:110:13-52
113            android:theme="@style/AppThemeNoActionBarEventDetails" />
113-->src\main\AndroidManifest.xml:111:13-67
114        <activity
114-->src\main\AndroidManifest.xml:113:9-117:70
115            android:name="com.edu.erp.activity.loginmodule.ChangePasswordActivity"
115-->src\main\AndroidManifest.xml:114:13-83
116            android:label="@string/app_name"
116-->src\main\AndroidManifest.xml:115:13-45
117            android:screenOrientation="unspecified"
117-->src\main\AndroidManifest.xml:116:13-52
118            android:theme="@style/AppThemeNoActionBarEventDetails" />
118-->src\main\AndroidManifest.xml:117:13-67
119        <activity
119-->src\main\AndroidManifest.xml:119:9-123:62
120            android:name="com.edu.erp.activity.loginmodule.SettingsActivity"
120-->src\main\AndroidManifest.xml:120:13-77
121            android:label="@string/app_name"
121-->src\main\AndroidManifest.xml:121:13-45
122            android:screenOrientation="unspecified"
122-->src\main\AndroidManifest.xml:122:13-52
123            android:theme="@style/AppThemeNoActionBarGrey" />
123-->src\main\AndroidManifest.xml:123:13-59
124        <activity
124-->src\main\AndroidManifest.xml:125:9-130:57
125            android:name="com.edu.erp.activity.loginmodule.AboutEnsyfiActivity"
125-->src\main\AndroidManifest.xml:126:13-80
126            android:label="@string/app_name"
126-->src\main\AndroidManifest.xml:127:13-45
127            android:screenOrientation="unspecified"
127-->src\main\AndroidManifest.xml:128:13-52
128            android:theme="@style/AppThemeNoActionBarGrey"
128-->src\main\AndroidManifest.xml:129:13-59
129            android:windowSoftInputMode="stateHidden" />
129-->src\main\AndroidManifest.xml:130:13-54
130        <activity
130-->src\main\AndroidManifest.xml:132:9-137:57
131            android:name="com.edu.erp.activity.loginmodule.ProfileActivity"
131-->src\main\AndroidManifest.xml:133:13-76
132            android:label="@string/app_name"
132-->src\main\AndroidManifest.xml:134:13-45
133            android:screenOrientation="unspecified"
133-->src\main\AndroidManifest.xml:135:13-52
134            android:theme="@style/AppThemeNoActionBarGrey"
134-->src\main\AndroidManifest.xml:136:13-59
135            android:windowSoftInputMode="stateHidden" />
135-->src\main\AndroidManifest.xml:137:13-54
136        <activity
136-->src\main\AndroidManifest.xml:139:9-144:57
137            android:name="com.edu.erp.activity.loginmodule.ProfileActivityNew"
137-->src\main\AndroidManifest.xml:140:13-79
138            android:label="@string/app_name"
138-->src\main\AndroidManifest.xml:141:13-45
139            android:screenOrientation="unspecified"
139-->src\main\AndroidManifest.xml:142:13-52
140            android:theme="@style/AppThemeNoActionBarGrey"
140-->src\main\AndroidManifest.xml:143:13-59
141            android:windowSoftInputMode="stateHidden" />
141-->src\main\AndroidManifest.xml:144:13-54
142        <activity
142-->src\main\AndroidManifest.xml:146:9-150:62
143            android:name="com.edu.erp.activity.loginmodule.ParentInfoActivity"
143-->src\main\AndroidManifest.xml:147:13-79
144            android:label="@string/app_name"
144-->src\main\AndroidManifest.xml:148:13-45
145            android:screenOrientation="unspecified"
145-->src\main\AndroidManifest.xml:149:13-52
146            android:theme="@style/AppThemeNoActionBarGrey" />
146-->src\main\AndroidManifest.xml:150:13-59
147        <activity
147-->src\main\AndroidManifest.xml:152:9-156:62
148            android:name="com.edu.erp.activity.loginmodule.GuardianInfoActivity"
148-->src\main\AndroidManifest.xml:153:13-81
149            android:label="@string/app_name"
149-->src\main\AndroidManifest.xml:154:13-45
150            android:screenOrientation="unspecified"
150-->src\main\AndroidManifest.xml:155:13-52
151            android:theme="@style/AppThemeNoActionBarGrey" />
151-->src\main\AndroidManifest.xml:156:13-59
152        <activity
152-->src\main\AndroidManifest.xml:158:9-162:62
153            android:name="com.edu.erp.activity.studentmodule.StudentDetailActivity"
153-->src\main\AndroidManifest.xml:159:13-84
154            android:label="@string/app_name"
154-->src\main\AndroidManifest.xml:160:13-45
155            android:screenOrientation="unspecified"
155-->src\main\AndroidManifest.xml:161:13-52
156            android:theme="@style/AppThemeNoActionBarGrey" />
156-->src\main\AndroidManifest.xml:162:13-59
157        <activity
157-->src\main\AndroidManifest.xml:164:9-168:62
158            android:name="com.edu.erp.activity.loginmodule.TeacherInfoActivity"
158-->src\main\AndroidManifest.xml:165:13-80
159            android:label="@string/app_name"
159-->src\main\AndroidManifest.xml:166:13-45
160            android:screenOrientation="unspecified"
160-->src\main\AndroidManifest.xml:167:13-52
161            android:theme="@style/AppThemeNoActionBarGrey" />
161-->src\main\AndroidManifest.xml:168:13-59
162
163        <!-- End -->
164        <!--  -->
165        <!-- Parent Module -->
166
167        <activity
167-->src\main\AndroidManifest.xml:174:9-178:62
168            android:name="com.edu.erp.activity.parentsmodule.ParentDashBoardActivity"
168-->src\main\AndroidManifest.xml:175:13-86
169            android:label="@string/app_name"
169-->src\main\AndroidManifest.xml:176:13-45
170            android:screenOrientation="unspecified"
170-->src\main\AndroidManifest.xml:177:13-52
171            android:theme="@style/AppThemeNoActionBarGrey" />
171-->src\main\AndroidManifest.xml:178:13-59
172        <activity
172-->src\main\AndroidManifest.xml:180:9-184:62
173            android:name="com.edu.erp.activity.parentsmodule.ParentsCommunicationActivity"
173-->src\main\AndroidManifest.xml:181:13-91
174            android:label="@string/app_name"
174-->src\main\AndroidManifest.xml:182:13-45
175            android:screenOrientation="unspecified"
175-->src\main\AndroidManifest.xml:183:13-52
176            android:theme="@style/AppThemeNoActionBarGrey" />
176-->src\main\AndroidManifest.xml:184:13-59
177
178        <!-- End -->
179        <!--  -->
180        <!-- Student Module -->
181        <activity
181-->src\main\AndroidManifest.xml:189:9-193:62
182            android:name="com.edu.erp.activity.loginmodule.StudentInfoActivity"
182-->src\main\AndroidManifest.xml:190:13-80
183            android:label="@string/app_name"
183-->src\main\AndroidManifest.xml:191:13-45
184            android:screenOrientation="unspecified"
184-->src\main\AndroidManifest.xml:192:13-52
185            android:theme="@style/AppThemeNoActionBarGrey" />
185-->src\main\AndroidManifest.xml:193:13-59
186        <activity
186-->src\main\AndroidManifest.xml:195:9-199:62
187            android:name="com.edu.erp.activity.studentmodule.AttendanceActivity"
187-->src\main\AndroidManifest.xml:196:13-81
188            android:label="@string/app_name"
188-->src\main\AndroidManifest.xml:197:13-45
189            android:screenOrientation="unspecified"
189-->src\main\AndroidManifest.xml:198:13-52
190            android:theme="@style/AppThemeNoActionBarGrey" />
190-->src\main\AndroidManifest.xml:199:13-59
191        <activity
191-->src\main\AndroidManifest.xml:201:9-205:62
192            android:name="com.edu.erp.activity.studentmodule.StudentTimeTableActivity"
192-->src\main\AndroidManifest.xml:202:13-87
193            android:label="@string/app_name"
193-->src\main\AndroidManifest.xml:203:13-45
194            android:screenOrientation="unspecified"
194-->src\main\AndroidManifest.xml:204:13-52
195            android:theme="@style/AppThemeNoActionBarPink" />
195-->src\main\AndroidManifest.xml:205:13-59
196        <activity
196-->src\main\AndroidManifest.xml:207:9-211:62
197            android:name="com.edu.erp.activity.studentmodule.StudentTimeTableAcitivityNewnew"
197-->src\main\AndroidManifest.xml:208:13-94
198            android:label="@string/app_name"
198-->src\main\AndroidManifest.xml:209:13-45
199            android:screenOrientation="unspecified"
199-->src\main\AndroidManifest.xml:210:13-52
200            android:theme="@style/AppThemeNoActionBarPink" />
200-->src\main\AndroidManifest.xml:211:13-59
201        <activity
201-->src\main\AndroidManifest.xml:213:9-217:62
202            android:name="com.edu.erp.activity.studentmodule.ClassTestHomeworkActivity"
202-->src\main\AndroidManifest.xml:214:13-88
203            android:label="@string/app_name"
203-->src\main\AndroidManifest.xml:215:13-45
204            android:screenOrientation="unspecified"
204-->src\main\AndroidManifest.xml:216:13-52
205            android:theme="@style/AppThemeNoActionBarGrey" />
205-->src\main\AndroidManifest.xml:217:13-59
206        <activity
206-->src\main\AndroidManifest.xml:219:9-223:62
207            android:name="com.edu.erp.activity.studentmodule.ClassTestDetailActivity"
207-->src\main\AndroidManifest.xml:220:13-86
208            android:label="@string/app_name"
208-->src\main\AndroidManifest.xml:221:13-45
209            android:screenOrientation="unspecified"
209-->src\main\AndroidManifest.xml:222:13-52
210            android:theme="@style/AppThemeNoActionBarGrey" />
210-->src\main\AndroidManifest.xml:223:13-59
211        <activity
211-->src\main\AndroidManifest.xml:225:9-229:62
212            android:name="com.edu.erp.activity.studentmodule.ExamsResultActivity"
212-->src\main\AndroidManifest.xml:226:13-82
213            android:label="@string/app_name"
213-->src\main\AndroidManifest.xml:227:13-45
214            android:screenOrientation="unspecified"
214-->src\main\AndroidManifest.xml:228:13-52
215            android:theme="@style/AppThemeNoActionBarGrey" />
215-->src\main\AndroidManifest.xml:229:13-59
216        <activity
216-->src\main\AndroidManifest.xml:231:9-235:62
217            android:name="com.edu.erp.activity.studentmodule.ExamDetailActivity"
217-->src\main\AndroidManifest.xml:232:13-81
218            android:label="@string/app_name"
218-->src\main\AndroidManifest.xml:233:13-45
219            android:screenOrientation="unspecified"
219-->src\main\AndroidManifest.xml:234:13-52
220            android:theme="@style/AppThemeNoActionBarGrey" />
220-->src\main\AndroidManifest.xml:235:13-59
221        <activity
221-->src\main\AndroidManifest.xml:237:9-241:62
222            android:name="com.edu.erp.activity.studentmodule.ExamMarksActivity"
222-->src\main\AndroidManifest.xml:238:13-80
223            android:label="@string/app_name"
223-->src\main\AndroidManifest.xml:239:13-45
224            android:screenOrientation="unspecified"
224-->src\main\AndroidManifest.xml:240:13-52
225            android:theme="@style/AppThemeNoActionBarGrey" />
225-->src\main\AndroidManifest.xml:241:13-59
226        <activity
226-->src\main\AndroidManifest.xml:243:9-247:62
227            android:name="com.edu.erp.activity.studentmodule.ExamOnlyTotalMarksActivity"
227-->src\main\AndroidManifest.xml:244:13-89
228            android:label="@string/app_name"
228-->src\main\AndroidManifest.xml:245:13-45
229            android:screenOrientation="unspecified"
229-->src\main\AndroidManifest.xml:246:13-52
230            android:theme="@style/AppThemeNoActionBarGrey" />
230-->src\main\AndroidManifest.xml:247:13-59
231        <activity
231-->src\main\AndroidManifest.xml:249:9-253:62
232            android:name="com.edu.erp.activity.studentmodule.FeeStatusActivity"
232-->src\main\AndroidManifest.xml:250:13-80
233            android:label="@string/app_name"
233-->src\main\AndroidManifest.xml:251:13-45
234            android:screenOrientation="unspecified"
234-->src\main\AndroidManifest.xml:252:13-52
235            android:theme="@style/AppThemeNoActionBarGrey" />
235-->src\main\AndroidManifest.xml:253:13-59
236        <activity
236-->src\main\AndroidManifest.xml:255:9-259:62
237            android:name="com.edu.erp.activity.teachermodule.AttendanceStatusActivity"
237-->src\main\AndroidManifest.xml:256:13-87
238            android:label="@string/app_name"
238-->src\main\AndroidManifest.xml:257:13-45
239            android:screenOrientation="unspecified"
239-->src\main\AndroidManifest.xml:258:13-52
240            android:theme="@style/AppThemeNoActionBarGrey" />
240-->src\main\AndroidManifest.xml:259:13-59
241        <activity
241-->src\main\AndroidManifest.xml:261:9-265:62
242            android:name="com.edu.erp.activity.teachermodule.AttendanceMonthViewActivity"
242-->src\main\AndroidManifest.xml:262:13-90
243            android:label="@string/app_name"
243-->src\main\AndroidManifest.xml:263:13-45
244            android:screenOrientation="unspecified"
244-->src\main\AndroidManifest.xml:264:13-52
245            android:theme="@style/AppThemeNoActionBarGrey" />
245-->src\main\AndroidManifest.xml:265:13-59
246        <activity
246-->src\main\AndroidManifest.xml:267:9-271:62
247            android:name="com.edu.erp.activity.teachermodule.ClassTeacherAttendanceView"
247-->src\main\AndroidManifest.xml:268:13-89
248            android:label="@string/app_name"
248-->src\main\AndroidManifest.xml:269:13-45
249            android:screenOrientation="unspecified"
249-->src\main\AndroidManifest.xml:270:13-52
250            android:theme="@style/AppThemeNoActionBarGrey" />
250-->src\main\AndroidManifest.xml:271:13-59
251        <activity
251-->src\main\AndroidManifest.xml:273:9-277:62
252            android:name="com.edu.erp.activity.teachermodule.ClassTeacherAttendanceOverview"
252-->src\main\AndroidManifest.xml:274:13-93
253            android:label="@string/app_name"
253-->src\main\AndroidManifest.xml:275:13-45
254            android:screenOrientation="unspecified"
254-->src\main\AndroidManifest.xml:276:13-52
255            android:theme="@style/AppThemeNoActionBarGrey" />
255-->src\main\AndroidManifest.xml:277:13-59
256        <activity
256-->src\main\AndroidManifest.xml:279:9-283:62
257            android:name="com.edu.erp.activity.teachermodule.ClassTeacherAttendanceDetailView"
257-->src\main\AndroidManifest.xml:280:13-95
258            android:label="@string/app_name"
258-->src\main\AndroidManifest.xml:281:13-45
259            android:screenOrientation="unspecified"
259-->src\main\AndroidManifest.xml:282:13-52
260            android:theme="@style/AppThemeNoActionBarGrey" />
260-->src\main\AndroidManifest.xml:283:13-59
261        <activity
261-->src\main\AndroidManifest.xml:285:9-289:62
262            android:name="com.edu.erp.activity.teachermodule.ClassTeacherCtHwOverallView"
262-->src\main\AndroidManifest.xml:286:13-90
263            android:label="@string/app_name"
263-->src\main\AndroidManifest.xml:287:13-45
264            android:screenOrientation="unspecified"
264-->src\main\AndroidManifest.xml:288:13-52
265            android:theme="@style/AppThemeNoActionBarGrey" />
265-->src\main\AndroidManifest.xml:289:13-59
266        <activity
266-->src\main\AndroidManifest.xml:291:9-295:62
267            android:name="com.edu.erp.activity.teachermodule.ClassTeacherCtHwDaywiseView"
267-->src\main\AndroidManifest.xml:292:13-90
268            android:label="@string/app_name"
268-->src\main\AndroidManifest.xml:293:13-45
269            android:screenOrientation="unspecified"
269-->src\main\AndroidManifest.xml:294:13-52
270            android:theme="@style/AppThemeNoActionBarGrey" />
270-->src\main\AndroidManifest.xml:295:13-59
271        <activity
271-->src\main\AndroidManifest.xml:297:9-301:62
272            android:name="com.edu.erp.activity.teachermodule.ClassTeacherCtHwDetailView"
272-->src\main\AndroidManifest.xml:298:13-89
273            android:label="@string/app_name"
273-->src\main\AndroidManifest.xml:299:13-45
274            android:screenOrientation="unspecified"
274-->src\main\AndroidManifest.xml:300:13-52
275            android:theme="@style/AppThemeNoActionBarGrey" />
275-->src\main\AndroidManifest.xml:301:13-59
276
277        <!-- End -->
278        <!--  -->
279        <!-- General -->
280        <activity
280-->src\main\AndroidManifest.xml:306:9-310:62
281            android:name="com.edu.erp.activity.general.EventsActivity"
281-->src\main\AndroidManifest.xml:307:13-71
282            android:label="@string/app_name"
282-->src\main\AndroidManifest.xml:308:13-45
283            android:screenOrientation="unspecified"
283-->src\main\AndroidManifest.xml:309:13-52
284            android:theme="@style/AppThemeNoActionBarGrey" />
284-->src\main\AndroidManifest.xml:310:13-59
285        <activity
285-->src\main\AndroidManifest.xml:312:9-316:62
286            android:name="com.edu.erp.activity.general.EventDetailActivity"
286-->src\main\AndroidManifest.xml:313:13-76
287            android:label="@string/app_name"
287-->src\main\AndroidManifest.xml:314:13-45
288            android:screenOrientation="unspecified"
288-->src\main\AndroidManifest.xml:315:13-52
289            android:theme="@style/AppThemeNoActionBarGrey" />
289-->src\main\AndroidManifest.xml:316:13-59
290        <activity
290-->src\main\AndroidManifest.xml:318:9-322:62
291            android:name="com.edu.erp.activity.general.LeaveCalendarActivity"
291-->src\main\AndroidManifest.xml:319:13-78
292            android:label="@string/app_name"
292-->src\main\AndroidManifest.xml:320:13-45
293            android:screenOrientation="unspecified"
293-->src\main\AndroidManifest.xml:321:13-52
294            android:theme="@style/AppThemeNoActionBarGrey" />
294-->src\main\AndroidManifest.xml:322:13-59
295        <activity
295-->src\main\AndroidManifest.xml:324:9-328:62
296            android:name="com.edu.erp.activity.general.EventOrganiserActivity"
296-->src\main\AndroidManifest.xml:325:13-79
297            android:label="@string/app_name"
297-->src\main\AndroidManifest.xml:326:13-45
298            android:screenOrientation="unspecified"
298-->src\main\AndroidManifest.xml:327:13-52
299            android:theme="@style/AppThemeNoActionBarGrey" />
299-->src\main\AndroidManifest.xml:328:13-59
300        <activity
300-->src\main\AndroidManifest.xml:330:9-334:62
301            android:name="com.edu.erp.activity.general.OnDutyActivity"
301-->src\main\AndroidManifest.xml:331:13-71
302            android:label="@string/app_name"
302-->src\main\AndroidManifest.xml:332:13-45
303            android:screenOrientation="unspecified"
303-->src\main\AndroidManifest.xml:333:13-52
304            android:theme="@style/AppThemeNoActionBarGrey" />
304-->src\main\AndroidManifest.xml:334:13-59
305        <activity
305-->src\main\AndroidManifest.xml:336:9-340:62
306            android:name="com.edu.erp.activity.general.GroupingActivity"
306-->src\main\AndroidManifest.xml:337:13-73
307            android:label="@string/app_name"
307-->src\main\AndroidManifest.xml:338:13-45
308            android:screenOrientation="unspecified"
308-->src\main\AndroidManifest.xml:339:13-52
309            android:theme="@style/AppThemeNoActionBarGrey" />
309-->src\main\AndroidManifest.xml:340:13-59
310        <activity
310-->src\main\AndroidManifest.xml:342:9-346:62
311            android:name="com.edu.erp.activity.general.GroupingSendActivity"
311-->src\main\AndroidManifest.xml:343:13-77
312            android:label="@string/app_name"
312-->src\main\AndroidManifest.xml:344:13-45
313            android:screenOrientation="unspecified"
313-->src\main\AndroidManifest.xml:345:13-52
314            android:theme="@style/AppThemeNoActionBarGrey" />
314-->src\main\AndroidManifest.xml:346:13-59
315        <activity
315-->src\main\AndroidManifest.xml:348:9-353:57
316            android:name="com.edu.erp.activity.general.OnDutyRequestActivity"
316-->src\main\AndroidManifest.xml:349:13-78
317            android:label="@string/app_name"
317-->src\main\AndroidManifest.xml:350:13-45
318            android:screenOrientation="unspecified"
318-->src\main\AndroidManifest.xml:351:13-52
319            android:theme="@style/AppThemeNoActionBarGrey"
319-->src\main\AndroidManifest.xml:352:13-59
320            android:windowSoftInputMode="stateHidden" />
320-->src\main\AndroidManifest.xml:353:13-54
321        <activity
321-->src\main\AndroidManifest.xml:355:9-359:62
322            android:name="com.edu.erp.activity.general.CircularActivity"
322-->src\main\AndroidManifest.xml:356:13-73
323            android:label="@string/app_name"
323-->src\main\AndroidManifest.xml:357:13-45
324            android:screenOrientation="unspecified"
324-->src\main\AndroidManifest.xml:358:13-52